[INFO] Scanning for projects...
[INFO] 
[INFO] --------------------< com.healthcare:ai-assistant >---------------------
[INFO] Building HealthCare AI Assistant 0.0.1-SNAPSHOT
[INFO]   from pom.xml
[INFO] --------------------------------[ jar ]---------------------------------
[INFO] 
[INFO] >>> spring-boot:3.2.2:run (default-cli) > test-compile @ ai-assistant >>>
[INFO] 
[INFO] --- resources:3.3.1:resources (default-resources) @ ai-assistant ---
[INFO] Copying 1 resource from src\main\resources to target\classes
[INFO] Copying 0 resource from src\main\resources to target\classes
[INFO] 
[INFO] --- compiler:3.11.0:compile (default-compile) @ ai-assistant ---
[INFO] Nothing to compile - all classes are up to date
[INFO] 
[INFO] --- resources:3.3.1:testResources (default-testResources) @ ai-assistant ---
[INFO] skip non existing resourceDirectory C:\Users\admin\OneDrive\Documents\GitHub\Healthcare-Chatbot\backend\src\test\resources
[INFO] 
[INFO] --- compiler:3.11.0:testCompile (default-testCompile) @ ai-assistant ---
[INFO] No sources to compile
[INFO] 
[INFO] <<< spring-boot:3.2.2:run (default-cli) < test-compile @ ai-assistant <<<
[INFO] 
[INFO] 
[INFO] --- spring-boot:3.2.2:run (default-cli) @ ai-assistant ---
[INFO] Attaching agents: []

  .   ____          _            __ _ _
 /\\ / ___'_ __ _ _(_)_ __  __ _ \ \ \ \
( ( )\___ | '_ | '_| | '_ \/ _` | \ \ \ \
 \\/  ___)| |_)| | | | | || (_| |  ) ) ) )
  '  |____| .__|_| |_|_| |_\__, | / / / /
 =========|_|==============|___/=/_/_/_/
 :: Spring Boot ::                (v3.2.2)

2026-02-13T16:29:57.151+05:30  INFO 19680 --- [HealthCare AI Assistant] [           main] c.h.aiassistant.BackendApplication       : Starting BackendApplication using Java 25.0.2 with PID 19680 (C:\Users\admin\OneDrive\Documents\GitHub\Healthcare-Chatbot\backend\target\classes started by admin in C:\Users\admin\OneDrive\Documents\GitHub\Healthcare-Chatbot\backend)
2026-02-13T16:29:57.160+05:30  INFO 19680 --- [HealthCare AI Assistant] [           main] c.h.aiassistant.BackendApplication       : No active profile set, falling back to 1 default profile: "default"
2026-02-13T16:30:01.178+05:30  INFO 19680 --- [HealthCare AI Assistant] [           main] .s.d.r.c.RepositoryConfigurationDelegate : Bootstrapping Spring Data JPA repositories in DEFAULT mode.
2026-02-13T16:30:01.502+05:30  INFO 19680 --- [HealthCare AI Assistant] [           main] .s.d.r.c.RepositoryConfigurationDelegate : Finished Spring Data repository scanning in 249 ms. Found 5 JPA repository interfaces.
WARNING: A restricted method in java.lang.System has been called
WARNING: java.lang.System::load has been called by org.apache.tomcat.jni.Library in an unnamed module (file:/C:/Users/admin/.m2/repository/org/apache/tomcat/embed/tomcat-embed-core/10.1.18/tomcat-embed-core-10.1.18.jar)
WARNING: Use --enable-native-access=ALL-UNNAMED to avoid a warning for callers in this module
WARNING: Restricted methods will be blocked in a future release unless native access is enabled

2026-02-13T16:30:03.779+05:30  INFO 19680 --- [HealthCare AI Assistant] [           main] o.s.b.w.embedded.tomcat.TomcatWebServer  : Tomcat initialized with port 8080 (http)
2026-02-13T16:30:03.820+05:30  INFO 19680 --- [HealthCare AI Assistant] [           main] o.apache.catalina.core.StandardService   : Starting service [Tomcat]
2026-02-13T16:30:03.820+05:30  INFO 19680 --- [HealthCare AI Assistant] [           main] o.apache.catalina.core.StandardEngine    : Starting Servlet engine: [Apache Tomcat/10.1.18]
2026-02-13T16:30:04.069+05:30  INFO 19680 --- [HealthCare AI Assistant] [           main] o.a.c.c.C.[Tomcat].[localhost].[/]       : Initializing Spring embedded WebApplicationContext
2026-02-13T16:30:04.072+05:30  INFO 19680 --- [HealthCare AI Assistant] [           main] w.s.c.ServletWebServerApplicationContext : Root WebApplicationContext: initialization completed in 6462 ms
2026-02-13T16:30:04.605+05:30  INFO 19680 --- [HealthCare AI Assistant] [           main] o.hibernate.jpa.internal.util.LogHelper  : HHH000204: Processing PersistenceUnitInfo [name: default]
2026-02-13T16:30:04.837+05:30  INFO 19680 --- [HealthCare AI Assistant] [           main] org.hibernate.Version                    : HHH000412: Hibernate ORM core version 6.4.1.Final
2026-02-13T16:30:04.972+05:30  INFO 19680 --- [HealthCare AI Assistant] [           main] o.h.c.internal.RegionFactoryInitiator    : HHH000026: Second-level cache disabled
2026-02-13T16:30:06.448+05:30  INFO 19680 --- [HealthCare AI Assistant] [           main] o.s.o.j.p.SpringPersistenceUnitInfo      : No LoadTimeWeaver setup: ignoring JPA class transformer
2026-02-13T16:30:06.646+05:30  INFO 19680 --- [HealthCare AI Assistant] [           main] com.zaxxer.hikari.HikariDataSource       : HikariPool-1 - Starting...
2026-02-13T16:30:07.915+05:30  INFO 19680 --- [HealthCare AI Assistant] [           main] com.zaxxer.hikari.pool.HikariPool        : HikariPool-1 - Added connection com.mysql.cj.jdbc.ConnectionImpl@6136e1fc
2026-02-13T16:30:07.920+05:30  INFO 19680 --- [HealthCare AI Assistant] [           main] com.zaxxer.hikari.HikariDataSource       : HikariPool-1 - Start completed.
2026-02-13T16:30:08.203+05:30  WARN 19680 --- [HealthCare AI Assistant] [           main] org.hibernate.orm.deprecation            : HHH90000025: MySQLDialect does not need to be specified explicitly using 'hibernate.dialect' (remove the property setting and it will be selected by default)
2026-02-13T16:30:12.335+05:30  INFO 19680 --- [HealthCare AI Assistant] [           main] o.h.e.t.j.p.i.JtaPlatformInitiator       : HHH000489: No JTA platform available (set 'hibernate.transaction.jta.platform' to enable JTA platform integration)
2026-02-13T16:30:12.975+05:30  INFO 19680 --- [HealthCare AI Assistant] [           main] j.LocalContainerEntityManagerFactoryBean : Initialized JPA EntityManagerFactory for persistence unit 'default'
2026-02-13T16:30:16.742+05:30  WARN 19680 --- [HealthCare AI Assistant] [           main] JpaBaseConfiguration$JpaWebConfiguration : spring.jpa.open-in-view is enabled by default. Therefore, database queries may be performed during view rendering. Explicitly configure spring.jpa.open-in-view to disable this warning
2026-02-13T16:30:19.701+05:30  INFO 19680 --- [HealthCare AI Assistant] [           main] o.s.s.web.DefaultSecurityFilterChain     : Will secure any request with [org.springframework.security.web.session.DisableEncodeUrlFilter@5263f554, org.springframework.security.web.context.request.async.WebAsyncManagerIntegrationFilter@7d28efd5, org.springframework.security.web.context.SecurityContextHolderFilter@53570fff, org.springframework.security.web.header.HeaderWriterFilter@82382d1, org.springframework.web.filter.CorsFilter@95958d9, org.springframework.security.web.authentication.logout.LogoutFilter@7d086485, com.healthcare.aiassistant.security.jwt.AuthTokenFilter@7da6d695, org.springframework.security.web.savedrequest.RequestCacheAwareFilter@3c7787a7, org.springframework.security.web.servletapi.SecurityContextHolderAwareRequestFilter@2ca464bb, org.springframework.security.web.authentication.AnonymousAuthenticationFilter@70fe33fa, org.springframework.security.web.session.SessionManagementFilter@6c2a33af, org.springframework.security.web.access.ExceptionTranslationFilter@189f3ccd, org.springframework.security.web.access.intercept.AuthorizationFilter@1ced1d14]
2026-02-13T16:30:22.975+05:30  INFO 19680 --- [HealthCare AI Assistant] [           main] o.s.b.w.embedded.tomcat.TomcatWebServer  : Tomcat started on port 8080 (http) with context path ''
2026-02-13T16:30:23.084+05:30  INFO 19680 --- [HealthCare AI Assistant] [           main] c.h.aiassistant.BackendApplication       : Started BackendApplication in 28.704 seconds (process running for 31.862)
